[debug] [2025-03-10T00:56:28.851Z] ----------------------------------------------------------------------
[debug] [2025-03-10T00:56:28.853Z] Command:       C:\Program Files\nodejs\node.exe C:\Users\raitovn\AppData\Roaming\npm\node_modules\firebase-tools\lib\bin\firebase.js init
[debug] [2025-03-10T00:56:28.853Z] CLI Version:   13.33.0
[debug] [2025-03-10T00:56:28.853Z] Platform:      win32
[debug] [2025-03-10T00:56:28.853Z] Node Version:  v23.1.0
[debug] [2025-03-10T00:56:28.854Z] Time:          Sun Mar 09 2025 20:56:28 GMT-0400 (Eastern Daylight Time)
[debug] [2025-03-10T00:56:28.854Z] ----------------------------------------------------------------------
[debug] 
[debug] [2025-03-10T00:56:28.988Z] > command requires scopes: ["email","openid","https://www.googleapis.com/auth/cloudplatformprojects.readonly","https://www.googleapis.com/auth/firebase","https://www.googleapis.com/auth/cloud-platform"]
[debug] [2025-03-10T00:56:28.988Z] > authorizing via signed-in user (raitovanazia@gmail.com)
[info] 
     ######## #### ########  ######## ########     ###     ######  ########
     ##        ##  ##     ## ##       ##     ##  ##   ##  ##       ##
     ######    ##  ########  ######   ########  #########  ######  ######
     ##        ##  ##    ##  ##       ##     ## ##     ##       ## ##
     ##       #### ##     ## ######## ########  ##     ##  ######  ########

You're about to initialize a Firebase project in this directory:

  C:\Users\raitovn\Portfolio-CSSE280\raitovn.github.io

Before we get started, keep in mind:

  * You are initializing within an existing Firebase project directory

[info] 
=== Project Setup
[info] 
[info] First, let's associate this project directory with a Firebase project.
[info] You can create multiple project aliases by running firebase use --add, 
[info] but for now we'll just set up a default project.
[info] 
[debug] [2025-03-10T00:56:34.101Z] Using project from CLI flag: raitovn-csse280
[debug] [2025-03-10T00:56:34.102Z] Checked if tokens are valid: true, expires at: 1741571780702
[debug] [2025-03-10T00:56:34.102Z] Checked if tokens are valid: true, expires at: 1741571780702
[debug] [2025-03-10T00:56:34.103Z] >>> [apiv2][query] GET https://firebase.googleapis.com/v1beta1/projects/raitovn-csse280 [none]
[debug] [2025-03-10T00:56:34.295Z] <<< [apiv2][status] GET https://firebase.googleapis.com/v1beta1/projects/raitovn-csse280 200
[debug] [2025-03-10T00:56:34.295Z] <<< [apiv2][body] GET https://firebase.googleapis.com/v1beta1/projects/raitovn-csse280 {"projectId":"raitovn-csse280","projectNumber":"937117568722","displayName":"raitovn CSSE280","name":"projects/raitovn-csse280","resources":{"hostingSite":"raitovn-csse280"},"state":"ACTIVE","etag":"1_7e4a2b18-78f6-4f36-8a86-cc2d720b2803"}
[info] i  Using project raitovn-csse280 (raitovn CSSE280) 
[info] 
=== Hosting Setup
[debug] [2025-03-10T00:56:34.304Z] Checked if tokens are valid: true, expires at: 1741571780702
[debug] [2025-03-10T00:56:34.304Z] Checked if tokens are valid: true, expires at: 1741571780702
[debug] [2025-03-10T00:56:34.304Z] >>> [apiv2][query] GET https://firebase.googleapis.com/v1beta1/projects/raitovn-csse280 [none]
[debug] [2025-03-10T00:56:34.402Z] <<< [apiv2][status] GET https://firebase.googleapis.com/v1beta1/projects/raitovn-csse280 200
[debug] [2025-03-10T00:56:34.402Z] <<< [apiv2][body] GET https://firebase.googleapis.com/v1beta1/projects/raitovn-csse280 {"projectId":"raitovn-csse280","projectNumber":"937117568722","displayName":"raitovn CSSE280","name":"projects/raitovn-csse280","resources":{"hostingSite":"raitovn-csse280"},"state":"ACTIVE","etag":"1_7e4a2b18-78f6-4f36-8a86-cc2d720b2803"}
[info] 
[info] Your public directory is the folder (relative to your project directory) that
[info] will contain Hosting assets to be uploaded with firebase deploy. If you
[info] have a build process for your assets, use your build's output directory.
[info] 
[debug] [2025-03-10T00:58:05.284Z] ----------------------------------------------------------------------
[debug] [2025-03-10T00:58:05.286Z] Command:       C:\Program Files\nodejs\node.exe C:\Users\raitovn\AppData\Roaming\npm\node_modules\firebase-tools\lib\bin\firebase.js use --add
[debug] [2025-03-10T00:58:05.287Z] CLI Version:   13.33.0
[debug] [2025-03-10T00:58:05.287Z] Platform:      win32
[debug] [2025-03-10T00:58:05.287Z] Node Version:  v23.1.0
[debug] [2025-03-10T00:58:05.287Z] Time:          Sun Mar 09 2025 20:58:05 GMT-0400 (Eastern Daylight Time)
[debug] [2025-03-10T00:58:05.287Z] ----------------------------------------------------------------------
[debug] 
[debug] [2025-03-10T00:58:05.419Z] > command requires scopes: ["email","openid","https://www.googleapis.com/auth/cloudplatformprojects.readonly","https://www.googleapis.com/auth/firebase","https://www.googleapis.com/auth/cloud-platform"]
[debug] [2025-03-10T00:58:05.419Z] > authorizing via signed-in user (raitovanazia@gmail.com)
[debug] [2025-03-10T00:58:05.420Z] Checked if tokens are valid: true, expires at: 1741571780702
[debug] [2025-03-10T00:58:05.420Z] Checked if tokens are valid: true, expires at: 1741571780702
[debug] [2025-03-10T00:58:05.421Z] >>> [apiv2][query] GET https://firebase.googleapis.com/v1beta1/projects pageSize=1000
[debug] [2025-03-10T00:58:13.417Z] ----------------------------------------------------------------------
[debug] [2025-03-10T00:58:13.419Z] Command:       C:\Program Files\nodejs\node.exe C:\Users\raitovn\AppData\Roaming\npm\node_modules\firebase-tools\lib\bin\firebase.js use --add
[debug] [2025-03-10T00:58:13.420Z] CLI Version:   13.33.0
[debug] [2025-03-10T00:58:13.420Z] Platform:      win32
[debug] [2025-03-10T00:58:13.420Z] Node Version:  v23.1.0
[debug] [2025-03-10T00:58:13.420Z] Time:          Sun Mar 09 2025 20:58:13 GMT-0400 (Eastern Daylight Time)
[debug] [2025-03-10T00:58:13.420Z] ----------------------------------------------------------------------
[debug] 
[debug] [2025-03-10T00:58:13.553Z] > command requires scopes: ["email","openid","https://www.googleapis.com/auth/cloudplatformprojects.readonly","https://www.googleapis.com/auth/firebase","https://www.googleapis.com/auth/cloud-platform"]
[debug] [2025-03-10T00:58:13.554Z] > authorizing via signed-in user (raitovanazia@gmail.com)
[debug] [2025-03-10T00:58:13.555Z] Checked if tokens are valid: true, expires at: 1741571780702
[debug] [2025-03-10T00:58:13.555Z] Checked if tokens are valid: true, expires at: 1741571780702
[debug] [2025-03-10T00:58:13.555Z] >>> [apiv2][query] GET https://firebase.googleapis.com/v1beta1/projects pageSize=1000
[debug] [2025-03-10T00:58:13.819Z] <<< [apiv2][status] GET https://firebase.googleapis.com/v1beta1/projects 200
[debug] [2025-03-10T00:58:13.819Z] <<< [apiv2][body] GET https://firebase.googleapis.com/v1beta1/projects [omitted]
